[2025-11-04 09:29:27 MSI] AND (DATA_STATUS_DRUG = 'N' AND DATA_STATUS_MATERIAL = 'N') AND SYSTEM_TYPE = 'NIS' AND ANES_START_DATE > '1141001' AND ANES_START_DATE < '1141105' ORDER BY ANES_START_DATE DESC
[2025-11-04 09:29:27 MSI]ORA-00900: SQL 敘述句無效
[2025-11-04 09:30:31 MSI] AND SYSTEM_TYPE = 'NIS' AND ANES_START_DATE > '1131001' AND ANES_START_DATE < '1141105' ORDER BY ANES_START_DATE DESC
[2025-11-04 09:30:31 MSI]ORA-00900: SQL 敘述句無效
[2025-11-04 13:14:43 MSI]SELECT * FROM BLOODVERIFICATION_DATA 
WHERE BLOODTARNSFUSION_SERIAL = 'BLOODTRANSFUTION_DATA_MAYA_I0332966_20251028010849393_0'
AND STATUS = 'Y' 
ORDER BY RECORD_TIME DESC
[2025-11-04 13:14:43 MSI]必須為這項作業開啟連線
[2025-11-04 13:14:58 MSI]SELECT * FROM BLOODVITALSIGN_DATA 
WHERE BLOODTARNSFUSION_SERIAL = 'BLOODTRANSFUTION_DATA_MAYA_I0332966_20251028010849393_0'
AND PERIOD = 'Start' 
AND STATUS = 'Y' 
ORDER BY RECORD_TIME DESC
[2025-11-04 13:14:58 MSI]必須為這項作業開啟連線
[2025-11-04 13:15:28 MSI]select * from nis_sys_announcement where to_date(sa_dateline,'YYYY-MM-DD HH24:MI:SS') > sysdate order by sa_sort asc
[2025-11-04 13:15:28 MSI]必須為這項作業開啟連線
[2025-11-06 17:08:05 MSI]SELECT A.*, B.UP_SYSTEM, B.UP_DATETIME FROM 
(SELECT * FROM TEMPREADING 
WHERE DATETIME BETWEEN TO_DATE('2025-03-07 00:00','YYYY-MM-DD HH24:MI') AND TO_DATE('2025-03-19 00:00','YYYY-MM-DD HH24:MI') 
AND OPERATORID = 'MAYA' 
AND TYPE = '1') A 
LEFT JOIN TEMPREADINGUP B 
ON A.ID = B.ID 
AND B.UP_SYSTEM = 'NIS' 
WHERE B.UP_DATETIME is null
[2025-11-06 17:08:05 MSI]必須為這項作業開啟連線
[2025-11-06 23:10:28 MSI]SELECT A.*, B.UP_SYSTEM, B.UP_DATETIME FROM 
(SELECT * FROM TEMPREADING 
WHERE DATETIME BETWEEN TO_DATE('2025-03-07 00:00','YYYY-MM-DD HH24:MI') AND TO_DATE('2025-03-19 00:00','YYYY-MM-DD HH24:MI') 
AND OPERATORID = 'MAYA' 
AND TYPE = '1') A 
LEFT JOIN TEMPREADINGUP B 
ON A.ID = B.ID 
AND B.UP_SYSTEM = 'NIS' 
WHERE B.UP_DATETIME is null
[2025-11-06 23:10:28 MSI]必須為這項作業開啟連線
[2025-11-07 00:07:14 MSI] SELECT * FROM NIS_EMR_PACKAGE_MST WHERE SIGNER = 'MAYA' AND SIGN_STATUS = 'U' AND ERR ='E'
[2025-11-07 00:07:14 MSI]必須為這項作業開啟連線
