[2025-10-30 11:42:27 MSI]SELECT M.CHILD_ID FROM ASSESSMENTMAPPER M 
LEFT JOIN CARERECORD_DATA CR ON CR.CARERECORD_ID = M.CHILD_ID AND CR.DELETED IS NULL 
LEFT JOIN ASSESSMENTMASTER AM ON AM.TABLEID = M.CARERECORD_ID AND AM.DELETED IS NULL 
WHERE M.CARERECORD_ID = 'ASSESSMENTMASTER_MAYA_I0332966_20251030114043276_A' AND SELF = 'TOCC'
[2025-10-30 11:42:27 MSI]ORA-00918: 資料欄的定義不明確
[2025-10-30 13:12:20 MSI] AND (DATA_STATUS_DRUG = 'N' AND DATA_STATUS_MATERIAL = 'N') AND SYSTEM_TYPE = 'NIS' AND ANES_START_DATE > '1141001' AND ANES_START_DATE < '1141031' ORDER BY ANES_START_DATE DESC
[2025-10-30 13:12:20 MSI]ORA-00900: SQL 敘述句無效
[2025-10-30 13:12:25 MSI] AND ( DATA_STATUS_MATERIAL = 'Y') AND SYSTEM_TYPE = 'NIS' AND ANES_START_DATE > '1141001' AND ANES_START_DATE < '1141031' ORDER BY ANES_START_DATE DESC
[2025-10-30 13:12:25 MSI]ORA-00900: SQL 敘述句無效
[2025-10-30 13:12:27 MSI] AND SYSTEM_TYPE = 'NIS' AND ANES_START_DATE > '1141001' AND ANES_START_DATE < '1141031' ORDER BY ANES_START_DATE DESC
[2025-10-30 13:12:27 MSI]ORA-00900: SQL 敘述句無效
[2025-10-30 13:14:31 MSI] AND SYSTEM_TYPE = 'NIS' AND ANES_START_DATE > '1141001' AND ANES_START_DATE < '1141031' ORDER BY ANES_START_DATE DESC
[2025-10-30 13:14:31 MSI]ORA-00900: SQL 敘述句無效
[2025-10-30 13:19:37 MSI] AND SYSTEM_TYPE = 'NIS' AND ANES_START_DATE > '1140101' AND ANES_START_DATE < '1141031' ORDER BY ANES_START_DATE DESC
[2025-10-30 13:19:37 MSI]ORA-00900: SQL 敘述句無效
[2025-10-30 13:20:29 MSI] AND SYSTEM_TYPE = 'NIS' AND ANES_START_DATE > '1140101' AND ANES_START_DATE < '1141031' ORDER BY ANES_START_DATE DESC
[2025-10-30 13:20:29 MSI]ORA-00900: SQL 敘述句無效
[2025-10-30 13:21:08 MSI] AND SYSTEM_TYPE = 'NIS' AND ANES_START_DATE > '1140101' AND ANES_START_DATE < '1141031' ORDER BY ANES_START_DATE DESC
[2025-10-30 13:21:08 MSI]ORA-00900: SQL 敘述句無效
[2025-10-30 13:25:04 MSI] AND SYSTEM_TYPE = 'NIS' AND ANES_START_DATE > '1140101' AND ANES_START_DATE < '1141031' ORDER BY ANES_START_DATE DESC
[2025-10-30 13:25:04 MSI]ORA-00900: SQL 敘述句無效
[2025-10-30 13:26:57 MSI] AND SYSTEM_TYPE = 'NIS' AND ANES_START_DATE > '1140101' AND ANES_START_DATE < '1141031' ORDER BY ANES_START_DATE DESC
[2025-10-30 13:26:57 MSI]ORA-00900: SQL 敘述句無效
[2025-10-30 13:30:53 MSI] AND (DATA_STATUS_DRUG = 'N' AND DATA_STATUS_MATERIAL = 'N') AND SYSTEM_TYPE = 'NIS' AND ANES_START_DATE > '1141001' AND ANES_START_DATE < '1141031' ORDER BY ANES_START_DATE DESC
[2025-10-30 13:30:53 MSI]ORA-00900: SQL 敘述句無效
[2025-10-30 13:30:55 MSI] AND (DATA_STATUS_DRUG = 'N' AND DATA_STATUS_MATERIAL = 'N') AND SYSTEM_TYPE = 'NIS' AND ANES_START_DATE > '1141001' AND ANES_START_DATE < '1141031' ORDER BY ANES_START_DATE DESC
[2025-10-30 13:30:55 MSI]ORA-00900: SQL 敘述句無效
[2025-10-30 13:30:57 MSI] AND SYSTEM_TYPE = 'NIS' AND ANES_START_DATE > '1141001' AND ANES_START_DATE < '1141031' ORDER BY ANES_START_DATE DESC
[2025-10-30 13:30:57 MSI]ORA-00900: SQL 敘述句無效
[2025-10-30 13:31:01 MSI] AND SYSTEM_TYPE = 'NIS' AND ANES_START_DATE > '1140101' AND ANES_START_DATE < '1141031' ORDER BY ANES_START_DATE DESC
[2025-10-30 13:31:01 MSI]ORA-00900: SQL 敘述句無效
[2025-10-30 13:31:35 MSI] AND SYSTEM_TYPE = 'NIS' AND ANES_START_DATE > '1140101' AND ANES_START_DATE < '1141031' ORDER BY ANES_START_DATE DESC
[2025-10-30 13:31:35 MSI]ORA-00900: SQL 敘述句無效
[2025-10-30 13:32:58 MSI] AND SYSTEM_TYPE = 'NIS' AND ANES_START_DATE > '1140101' AND ANES_START_DATE < '1141031' ORDER BY ANES_START_DATE DESC
[2025-10-30 13:32:58 MSI]ORA-00900: SQL 敘述句無效
[2025-10-30 13:33:34 MSI] AND SYSTEM_TYPE = 'NIS' AND ANES_START_DATE > '1140101' AND ANES_START_DATE < '1141031' ORDER BY ANES_START_DATE DESC
[2025-10-30 13:33:34 MSI]ORA-00900: SQL 敘述句無效
[2025-10-30 13:34:21 MSI] AND SYSTEM_TYPE = 'NIS' AND ANES_START_DATE > '1140101' AND ANES_START_DATE < '1141031' ORDER BY ANES_START_DATE DESC
[2025-10-30 13:34:21 MSI]ORA-00900: SQL 敘述句無效
[2025-10-30 13:35:09 MSI] AND (DATA_STATUS_DRUG = 'N' AND DATA_STATUS_MATERIAL = 'N') AND SYSTEM_TYPE = 'NIS' AND ANES_START_DATE > '1140101' AND ANES_START_DATE < '1141031' ORDER BY ANES_START_DATE DESC
[2025-10-30 13:35:09 MSI]ORA-00900: SQL 敘述句無效
[2025-10-30 13:37:50 MSI] AND SYSTEM_TYPE = 'NIS' AND ANES_START_DATE > '1140101' AND ANES_START_DATE < '1141031' ORDER BY ANES_START_DATE DESC
[2025-10-30 13:37:50 MSI]ORA-00900: SQL 敘述句無效
[2025-10-30 13:40:34 MSI] AND SYSTEM_TYPE = 'NIS' AND ANES_START_DATE > '1140101' AND ANES_START_DATE < '1141031' ORDER BY ANES_START_DATE DESC
[2025-10-30 13:40:34 MSI]ORA-00900: SQL 敘述句無效
[2025-10-30 13:48:23 MSI] AND SYSTEM_TYPE = 'NIS' AND ANES_START_DATE > '1141001' AND ANES_START_DATE < '1141031' ORDER BY ANES_START_DATE DESC
[2025-10-30 13:48:23 MSI]ORA-00900: SQL 敘述句無效
[2025-10-30 13:52:17 MSI] AND SYSTEM_TYPE = 'NIS' AND ANES_START_DATE > '1141001' AND ANES_START_DATE < '1141031' ORDER BY ANES_START_DATE DESC
[2025-10-30 13:52:17 MSI]ORA-00900: SQL 敘述句無效
[2025-10-30 13:52:26 MSI] AND SYSTEM_TYPE = 'NIS' AND ANES_START_DATE > '1141001' AND ANES_START_DATE < '1141031' ORDER BY ANES_START_DATE DESC
[2025-10-30 13:52:26 MSI]ORA-00900: SQL 敘述句無效
[2025-10-31 15:36:58 MSI]SELECT M.CHILD_ID FROM ASSESSMENTMAPPER M 
LEFT JOIN CARERECORD_DATA CR ON CR.CARERECORD_ID = M.CHILD_ID AND CR.DELETED IS NULL 
LEFT JOIN ASSESSMENTMASTER AM ON AM.TABLEID = M.CARERECORD_ID AND AM.DELETED IS NULL 
WHERE M.CARERECORD_ID = 'ASSESSMENTMASTER_MAYA_I0332966_20251030114043276_A' AND SELF = 'TOCC'
[2025-10-31 15:36:58 MSI]ORA-00918: 資料欄的定義不明確
[2025-10-31 15:50:02 MSI]SELECT M.CHILD_ID FROM ASSESSMENTMAPPER M 
LEFT JOIN CARERECORD_DATA CR ON CR.CARERECORD_ID = M.CHILD_ID AND CR.DELETED IS NULL 
LEFT JOIN ASSESSMENTMASTER AM ON AM.TABLEID = M.CARERECORD_ID AND AM.DELETED IS NULL 
WHERE M.CARERECORD_ID = 'ASSESSMENTMASTER_MAYA_I0333116_20251031154541965_A' AND SELF = 'TOCC'
[2025-10-31 15:50:02 MSI]ORA-00918: 資料欄的定義不明確
[2025-10-31 15:50:28 MSI]SELECT M.CHILD_ID FROM ASSESSMENTMAPPER M 
LEFT JOIN CARERECORD_DATA CR ON CR.CARERECORD_ID = M.CHILD_ID AND CR.DELETED IS NOT NULL 
LEFT JOIN ASSESSMENTMASTER AM ON AM.TABLEID = M.CARERECORD_ID AND AM.DELETED IS NOT NULL 
WHERE M.CARERECORD_ID = 'ASSESSMENTMASTER_MAYA_I0333116_20251031154541965_A' AND SELF = 'TOCC'
[2025-10-31 15:50:28 MSI]ORA-00918: 資料欄的定義不明確
[2025-10-31 15:51:19 MSI]SELECT M.CHILD_ID FROM ASSESSMENTMAPPER M 
LEFT JOIN CARERECORD_DATA CR ON CR.CARERECORD_ID = M.CHILD_ID AND CR.DELETED IS NULL 
LEFT JOIN ASSESSMENTMASTER AM ON AM.TABLEID = M.CARERECORD_ID AND AM.DELETED IS NULL 
WHERE M.CARERECORD_ID = 'ASSESSMENTMASTER_MAYA_I0333116_20251031154541965_A' AND SELF = 'TOCC'
[2025-10-31 15:51:19 MSI]ORA-00918: 資料欄的定義不明確
